[2022-01-27 07:00:06] local.ERROR: View [welcomez] not found. {"exception":"[object] (InvalidArgumentException(code: 0): View [welcomez] not found. at C:\\OpenServer\\domains\\Laravel2\\Homework-2\\localhost\\vendor\\laravel\\framework\\src\\Illuminate\\View\\FileViewFinder.php:137)
[stacktrace]
#0 C:\\OpenServer\\domains\\Laravel2\\Homework-2\\localhost\\vendor\\laravel\\framework\\src\\Illuminate\\View\\FileViewFinder.php(79): Illuminate\\View\\FileViewFinder->findInPaths()
#1 C:\\OpenServer\\domains\\Laravel2\\Homework-2\\localhost\\vendor\\laravel\\framework\\src\\Illuminate\\View\\Factory.php(138): Illuminate\\View\\FileViewFinder->find()
#2 C:\\OpenServer\\domains\\Laravel2\\Homework-2\\localhost\\vendor\\laravel\\framework\\src\\Illuminate\\Foundation\\helpers.php(932): Illuminate\\View\\Factory->make()
#3 C:\\OpenServer\\domains\\Laravel2\\Homework-2\\localhost\outes\\web.php(17): view()
#4 C:\\OpenServer\\domains\\Laravel2\\Homework-2\\localhost\\vendor\\laravel\\framework\\src\\Illuminate\\Routing\\Route.php(238): Illuminate\\Routing\\RouteFileRegistrar->{closure}()
#5 C:\\OpenServer\\domains\\Laravel2\\Homework-2\\localhost\\vendor\\laravel\\framework\\src\\Illuminate\\Routing\\Route.php(208): Illuminate\\Routing\\Route->runCallable()
#6 C:\\OpenServer\\domains\\Laravel2\\Homework-2\\localhost\\vendor\\laravel\\framework\\src\\Illuminate\\Routing\\Router.php(695): Illuminate\\Routing\\Route->run()
#7 C:\\OpenServer\\domains\\Laravel2\\Homework-2\\localhost\\vendor\\laravel\\framework\\src\\Illuminate\\Pipeline\\Pipeline.php(128): Illuminate\\Routing\\Router->Illuminate\\Routing\\{closure}()
#8 C:\\OpenServer\\domains\\Laravel2\\Homework-2\\localhost\\vendor\\laravel\\framework\\src\\Illuminate\\Routing\\Middleware\\SubstituteBindings.php(50): Illuminate\\Pipeline\\Pipeline->Illuminate\\Pipeline\\{closure}()
#9 C:\\OpenServer\\domains\\Laravel2\\Homework-2\\localhost\\vendor\\laravel\\framework\\src\\Illuminate\\Pipeline\\Pipeline.php(167): Illuminate\\Routing\\Middleware\\SubstituteBindings->handle()
#10 C:\\OpenServer\\domains\\Laravel2\\Homework-2\\localhost\\vendor\\laravel\\framework\\src\\Illuminate\\Foundation\\Http\\Middleware\\VerifyCsrfToken.php(78): Illuminate\\Pipeline\\Pipeline->Illuminate\\Pipeline\\{closure}()
#11 C:\\OpenServer\\domains\\Laravel2\\Homework-2\\localhost\\vendor\\laravel\\framework\\src\\Illuminate\\Pipeline\\Pipeline.php(167): Illuminate\\Foundation\\Http\\Middleware\\VerifyCsrfToken->handle()
#12 C:\\OpenServer\\domains\\Laravel2\\Homework-2\\localhost\\vendor\\laravel\\framework\\src\\Illuminate\\View\\Middleware\\ShareErrorsFromSession.php(49): Illuminate\\Pipeline\\Pipeline->Illuminate\\Pipeline\\{closure}()
#13 C:\\OpenServer\\domains\\Laravel2\\Homework-2\\localhost\\vendor\\laravel\\framework\\src\\Illuminate\\Pipeline\\Pipeline.php(167): Illuminate\\View\\Middleware\\ShareErrorsFromSession->handle()
#14 C:\\OpenServer\\domains\\Laravel2\\Homework-2\\localhost\\vendor\\laravel\\framework\\src\\Illuminate\\Session\\Middleware\\StartSession.php(121): Illuminate\\Pipeline\\Pipeline->Illuminate\\Pipeline\\{closure}()
#15 C:\\OpenServer\\domains\\Laravel2\\Homework-2\\localhost\\vendor\\laravel\\framework\\src\\Illuminate\\Session\\Middleware\\StartSession.php(64): Illuminate\\Session\\Middleware\\StartSession->handleStatefulRequest()
#16 C:\\OpenServer\\domains\\Laravel2\\Homework-2\\localhost\\vendor\\laravel\\framework\\src\\Illuminate\\Pipeline\\Pipeline.php(167): Illuminate\\Session\\Middleware\\StartSession->handle()
#17 C:\\OpenServer\\domains\\Laravel2\\Homework-2\\localhost\\vendor\\laravel\\framework\\src\\Illuminate\\Cookie\\Middleware\\AddQueuedCookiesToResponse.php(37): Illuminate\\Pipeline\\Pipeline->Illuminate\\Pipeline\\{closure}()
#18 C:\\OpenServer\\domains\\Laravel2\\Homework-2\\localhost\\vendor\\laravel\\framework\\src\\Illuminate\\Pipeline\\Pipeline.php(167): Illuminate\\Cookie\\Middleware\\AddQueuedCookiesToResponse->handle()
#19 C:\\OpenServer\\domains\\Laravel2\\Homework-2\\localhost\\vendor\\laravel\\framework\\src\\Illuminate\\Cookie\\Middleware\\EncryptCookies.php(67): Illuminate\\Pipeline\\Pipeline->Illuminate\\Pipeline\\{closure}()
#20 C:\\OpenServer\\domains\\Laravel2\\Homework-2\\localhost\\vendor\\laravel\\framework\\src\\Illuminate\\Pipeline\\Pipeline.php(167): Illuminate\\Cookie\\Middleware\\EncryptCookies->handle()
#21 C:\\OpenServer\\domains\\Laravel2\\Homework-2\\localhost\\vendor\\laravel\\framework\\src\\Illuminate\\Pipeline\\Pipeline.php(103): Illuminate\\Pipeline\\Pipeline->Illuminate\\Pipeline\\{closure}()
#22 C:\\OpenServer\\domains\\Laravel2\\Homework-2\\localhost\\vendor\\laravel\\framework\\src\\Illuminate\\Routing\\Router.php(697): Illuminate\\Pipeline\\Pipeline->then()
#23 C:\\OpenServer\\domains\\Laravel2\\Homework-2\\localhost\\vendor\\laravel\\framework\\src\\Illuminate\\Routing\\Router.php(672): Illuminate\\Routing\\Router->runRouteWithinStack()
#24 C:\\OpenServer\\domains\\Laravel2\\Homework-2\\localhost\\vendor\\laravel\\framework\\src\\Illuminate\\Routing\\Router.php(636): Illuminate\\Routing\\Router->runRoute()
#25 C:\\OpenServer\\domains\\Laravel2\\Homework-2\\localhost\\vendor\\laravel\\framework\\src\\Illuminate\\Routing\\Router.php(625): Illuminate\\Routing\\Router->dispatchToRoute()
#26 C:\\OpenServer\\domains\\Laravel2\\Homework-2\\localhost\\vendor\\laravel\\framework\\src\\Illuminate\\Foundation\\Http\\Kernel.php(167): Illuminate\\Routing\\Router->dispatch()
#27 C:\\OpenServer\\domains\\Laravel2\\Homework-2\\localhost\\vendor\\laravel\\framework\\src\\Illuminate\\Pipeline\\Pipeline.php(128): Illuminate\\Foundation\\Http\\Kernel->Illuminate\\Foundation\\Http\\{closure}()
#28 C:\\OpenServer\\domains\\Laravel2\\Homework-2\\localhost\\vendor\\laravel\\framework\\src\\Illuminate\\Foundation\\Http\\Middleware\\TransformsRequest.php(21): Illuminate\\Pipeline\\Pipeline->Illuminate\\Pipeline\\{closure}()
#29 C:\\OpenServer\\domains\\Laravel2\\Homework-2\\localhost\\vendor\\laravel\\framework\\src\\Illuminate\\Foundation\\Http\\Middleware\\ConvertEmptyStringsToNull.php(31): Illuminate\\Foundation\\Http\\Middleware\\TransformsRequest->handle()
#30 C:\\OpenServer\\domains\\Laravel2\\Homework-2\\localhost\\vendor\\laravel\\framework\\src\\Illuminate\\Pipeline\\Pipeline.php(167): Illuminate\\Foundation\\Http\\Middleware\\ConvertEmptyStringsToNull->handle()
#31 C:\\OpenServer\\domains\\Laravel2\\Homework-2\\localhost\\vendor\\laravel\\framework\\src\\Illuminate\\Foundation\\Http\\Middleware\\TransformsRequest.php(21): Illuminate\\Pipeline\\Pipeline->Illuminate\\Pipeline\\{closure}()
#32 C:\\OpenServer\\domains\\Laravel2\\Homework-2\\localhost\\vendor\\laravel\\framework\\src\\Illuminate\\Foundation\\Http\\Middleware\\TrimStrings.php(40): Illuminate\\Foundation\\Http\\Middleware\\TransformsRequest->handle()
#33 C:\\OpenServer\\domains\\Laravel2\\Homework-2\\localhost\\vendor\\laravel\\framework\\src\\Illuminate\\Pipeline\\Pipeline.php(167): Illuminate\\Foundation\\Http\\Middleware\\TrimStrings->handle()
#34 C:\\OpenServer\\domains\\Laravel2\\Homework-2\\localhost\\vendor\\laravel\\framework\\src\\Illuminate\\Foundation\\Http\\Middleware\\ValidatePostSize.php(27): Illuminate\\Pipeline\\Pipeline->Illuminate\\Pipeline\\{closure}()
#35 C:\\OpenServer\\domains\\Laravel2\\Homework-2\\localhost\\vendor\\laravel\\framework\\src\\Illuminate\\Pipeline\\Pipeline.php(167): Illuminate\\Foundation\\Http\\Middleware\\ValidatePostSize->handle()
#36 C:\\OpenServer\\domains\\Laravel2\\Homework-2\\localhost\\vendor\\laravel\\framework\\src\\Illuminate\\Foundation\\Http\\Middleware\\PreventRequestsDuringMaintenance.php(86): Illuminate\\Pipeline\\Pipeline->Illuminate\\Pipeline\\{closure}()
#37 C:\\OpenServer\\domains\\Laravel2\\Homework-2\\localhost\\vendor\\laravel\\framework\\src\\Illuminate\\Pipeline\\Pipeline.php(167): Illuminate\\Foundation\\Http\\Middleware\\PreventRequestsDuringMaintenance->handle()
#38 C:\\OpenServer\\domains\\Laravel2\\Homework-2\\localhost\\vendor\\fruitcake\\laravel-cors\\src\\HandleCors.php(38): Illuminate\\Pipeline\\Pipeline->Illuminate\\Pipeline\\{closure}()
#39 C:\\OpenServer\\domains\\Laravel2\\Homework-2\\localhost\\vendor\\laravel\\framework\\src\\Illuminate\\Pipeline\\Pipeline.php(167): Fruitcake\\Cors\\HandleCors->handle()
#40 C:\\OpenServer\\domains\\Laravel2\\Homework-2\\localhost\\vendor\\laravel\\framework\\src\\Illuminate\\Http\\Middleware\\TrustProxies.php(39): Illuminate\\Pipeline\\Pipeline->Illuminate\\Pipeline\\{closure}()
#41 C:\\OpenServer\\domains\\Laravel2\\Homework-2\\localhost\\vendor\\laravel\\framework\\src\\Illuminate\\Pipeline\\Pipeline.php(167): Illuminate\\Http\\Middleware\\TrustProxies->handle()
#42 C:\\OpenServer\\domains\\Laravel2\\Homework-2\\localhost\\vendor\\laravel\\framework\\src\\Illuminate\\Pipeline\\Pipeline.php(103): Illuminate\\Pipeline\\Pipeline->Illuminate\\Pipeline\\{closure}()
#43 C:\\OpenServer\\domains\\Laravel2\\Homework-2\\localhost\\vendor\\laravel\\framework\\src\\Illuminate\\Foundation\\Http\\Kernel.php(142): Illuminate\\Pipeline\\Pipeline->then()
#44 C:\\OpenServer\\domains\\Laravel2\\Homework-2\\localhost\\vendor\\laravel\\framework\\src\\Illuminate\\Foundation\\Http\\Kernel.php(111): Illuminate\\Foundation\\Http\\Kernel->sendRequestThroughRouter()
#45 C:\\OpenServer\\domains\\Laravel2\\Homework-2\\localhost\\public\\index.php(52): Illuminate\\Foundation\\Http\\Kernel->handle()
#46 {main}
"} 
